<?xml version="1.0" encoding="utf-8"?><testsuites name="pytest tests"><testsuite name="pytest" errors="0" failures="0" skipped="1" tests="4" time="29.783" timestamp="2026-06-10T13:56:33.932834+00:00" hostname="agent-env-18bf4c1b-8139-4c92-9876-94c63c765deb"><testcase classname="tests.test_damma_online" name="test_queue_join_then_timeout_fills_with_bots" time="26.050" /><testcase classname="tests.test_damma_online" name="test_ws_initial_room_and_state_and_bot_autoplay" time="0.299" /><testcase classname="tests.test_damma_online" name="test_disconnect_grace_then_reconnect" time="3.353" /><testcase classname="tests.test_damma_online" name="test_bot_only_game_ends_eventually" time="0.001"><skipped type="pytest.skip" message="Long-running test (set DAMMA_TEST_LONG=1 to enable)">/app/backend/tests/test_damma_online.py:237: Long-running test (set DAMMA_TEST_LONG=1 to enable)</skipped></testcase></testsuite></testsuites>