<?xml version="1.0" encoding="utf-8"?><testsuites name="pytest tests"><testsuite name="pytest" errors="0" failures="0" skipped="0" tests="21" time="5.384" timestamp="2026-06-10T20:33:23.852768+00:00" hostname="agent-env-18bf4c1b-8139-4c92-9876-94c63c765deb"><testcase classname="tests.backend_test.TestAuth" name="test_signup_returns_jwt_and_user" time="0.565" /><testcase classname="tests.backend_test.TestAuth" name="test_signup_duplicate_returns_400" time="0.338" /><testcase classname="tests.backend_test.TestAuth" name="test_login_success" time="0.276" /><testcase classname="tests.backend_test.TestAuth" name="test_login_wrong_password_401" time="0.275" /><testcase classname="tests.backend_test.TestAuth" name="test_login_unknown_user_401" time="0.059" /><testcase classname="tests.backend_test.TestAuth" name="test_me_with_valid_token" time="0.054" /><testcase classname="tests.backend_test.TestAuth" name="test_me_missing_token_401" time="0.064" /><testcase classname="tests.backend_test.TestAuth" name="test_me_invalid_token_401" time="0.052" /><testcase classname="tests.backend_test.TestAuth" name="test_patch_profile_avatar" time="0.123" /><testcase classname="tests.backend_test.TestAuth" name="test_patch_profile_requires_auth" time="0.056" /><testcase classname="tests.backend_test.TestRooms" name="test_create_public_room" time="0.055" /><testcase classname="tests.backend_test.TestRooms" name="test_create_private_room_with_password" time="0.053" /><testcase classname="tests.backend_test.TestRooms" name="test_list_public_rooms_only_public" time="0.058" /><testcase classname="tests.backend_test.TestRooms" name="test_list_rooms_requires_auth" time="0.053" /><testcase classname="tests.backend_test.TestRooms" name="test_get_room_by_id" time="0.056" /><testcase classname="tests.backend_test.TestRooms" name="test_get_room_404" time="0.056" /><testcase classname="tests.backend_test.TestRooms" name="test_join_public_room" time="0.329" /><testcase classname="tests.backend_test.TestRooms" name="test_join_private_room_wrong_password" time="0.057" /><testcase classname="tests.backend_test.TestRooms" name="test_join_private_room_correct_password" time="0.060" /><testcase classname="tests.backend_test.TestWebSocket" name="test_ws_invalid_token_closed" time="0.166" /><testcase classname="tests.backend_test.TestWebSocket" name="test_ws_handshake_init_and_chat_broadcast" time="2.480" /></testsuite></testsuites>