<?xml version="1.0" encoding="utf-8"?><testsuites name="pytest tests"><testsuite name="pytest" errors="0" failures="0" skipped="0" tests="6" time="5.071" timestamp="2026-06-10T09:42:15.556973+00:00" hostname="agent-env-18bf4c1b-8139-4c92-9876-94c63c765deb"><testcase classname="backend.tests.test_damma_queue" name="test_ingress_reachable" time="0.281" /><testcase classname="backend.tests.test_damma_queue" name="test_queue_join_returns_position_and_size" time="0.412" /><testcase classname="backend.tests.test_damma_queue" name="test_queue_status_pending" time="0.484" /><testcase classname="backend.tests.test_damma_queue" name="test_queue_leave_no_500" time="0.529" /><testcase classname="backend.tests.test_damma_queue" name="test_four_users_drain_creates_room" time="1.939" /><testcase classname="backend.tests.test_damma_queue" name="test_queue_join_invalid_num_players_defaults_to_four" time="1.325" /></testsuite></testsuites>