<?xml version="1.0" encoding="utf-8"?><testsuites name="pytest tests"><testsuite name="pytest" errors="0" failures="0" skipped="0" tests="21" time="5.126" timestamp="2026-05-16T15:37:23.835559+00:00" hostname="agent-env-18bf4c1b-8139-4c92-9876-94c63c765deb"><testcase classname="backend.tests.backend_test.TestAuth" name="test_signup_returns_jwt_and_user" time="0.402" /><testcase classname="backend.tests.backend_test.TestAuth" name="test_signup_duplicate_returns_400" time="0.334" /><testcase classname="backend.tests.backend_test.TestAuth" name="test_login_success" time="0.273" /><testcase classname="backend.tests.backend_test.TestAuth" name="test_login_wrong_password_401" time="0.280" /><testcase classname="backend.tests.backend_test.TestAuth" name="test_login_unknown_user_401" time="0.051" /><testcase classname="backend.tests.backend_test.TestAuth" name="test_me_with_valid_token" time="0.052" /><testcase classname="backend.tests.backend_test.TestAuth" name="test_me_missing_token_401" time="0.052" /><testcase classname="backend.tests.backend_test.TestAuth" name="test_me_invalid_token_401" time="0.047" /><testcase classname="backend.tests.backend_test.TestAuth" name="test_patch_profile_avatar" time="0.098" /><testcase classname="backend.tests.backend_test.TestAuth" name="test_patch_profile_requires_auth" time="0.049" /><testcase classname="backend.tests.backend_test.TestRooms" name="test_create_public_room" time="0.049" /><testcase classname="backend.tests.backend_test.TestRooms" name="test_create_private_room_with_password" time="0.049" /><testcase classname="backend.tests.backend_test.TestRooms" name="test_list_public_rooms_only_public" time="0.052" /><testcase classname="backend.tests.backend_test.TestRooms" name="test_list_rooms_requires_auth" time="0.048" /><testcase classname="backend.tests.backend_test.TestRooms" name="test_get_room_by_id" time="0.051" /><testcase classname="backend.tests.backend_test.TestRooms" name="test_get_room_404" time="0.051" /><testcase classname="backend.tests.backend_test.TestRooms" name="test_join_public_room" time="0.334" /><testcase classname="backend.tests.backend_test.TestRooms" name="test_join_private_room_wrong_password" time="0.059" /><testcase classname="backend.tests.backend_test.TestRooms" name="test_join_private_room_correct_password" time="0.061" /><testcase classname="backend.tests.backend_test.TestWebSocket" name="test_ws_invalid_token_closed" time="0.183" /><testcase classname="backend.tests.backend_test.TestWebSocket" name="test_ws_handshake_init_and_chat_broadcast" time="2.483" /></testsuite></testsuites>